

*******************************************************************************
Fri Mar  1 19:25:37 2019


FIT:    data read from "estadisticasOrdenacion.txt" using 1:2
        format = x:z
        #datapoints = 10
        residuals are weighted equally (unit weight)

function used for fitting: g(x)
fitted parameters initialized with current variable values



 Iteration 0
 WSSR        : 2.53336e+20       delta(WSSR)/WSSR   : 0
 delta(WSSR) : 0                 limit for stopping : 1e-05
 lambda	  : 2.90591e+09

initial set of free parameter values

a               = 1
b               = 1
c               = 1

After 13 iterations the fit converged.
final sum of squares of residuals : 6.03813
rel. change during last iteration : -4.37889e-10

degrees of freedom    (FIT_NDF)                        : 7
rms of residuals      (FIT_STDFIT) = sqrt(WSSR/ndf)    : 0.928758
variance of residuals (reduced chisquare) = WSSR/ndf   : 0.862591

Final set of parameters            Asymptotic Standard Error
=======================            ==========================

a               = 9.68852e-10      +/- 4.042e-10    (41.72%)
b               = 0.000363006      +/- 4.562e-05    (12.57%)
c               = 0.461508         +/- 1.092        (236.7%)


correlation matrix of the fit parameters:

               a      b      c      
a               1.000 
b              -0.975  1.000 
c               0.814 -0.909  1.000 


*******************************************************************************
Fri Mar  1 19:27:39 2019


FIT:    data read from "estadisticasOrdenacion.txt" using 1:3
        format = x:z
        #datapoints = 10
        residuals are weighted equally (unit weight)

function used for fitting: h(x)
fitted parameters initialized with current variable values



 Iteration 0
 WSSR        : 3883.27           delta(WSSR)/WSSR   : 0
 delta(WSSR) : 0                 limit for stopping : 1e-05
 lambda	  : 492778

initial set of free parameter values

a               = 9.68852e-10
b               = 0.000363006

After 3 iterations the fit converged.
final sum of squares of residuals : 4.4226
rel. change during last iteration : -5.06575e-07

degrees of freedom    (FIT_NDF)                        : 8
rms of residuals      (FIT_STDFIT) = sqrt(WSSR/ndf)    : 0.743522
variance of residuals (reduced chisquare) = WSSR/ndf   : 0.552825

Final set of parameters            Asymptotic Standard Error
=======================            ==========================

a               = 2.82618e-05      +/- 6.927e-07    (2.451%)
b               = 0.000362976      +/- 0.4828       (1.33e+05%)


correlation matrix of the fit parameters:

               a      b      
a               1.000 
b              -0.873  1.000 
